Meduza Thu Apr 14 11:00:15 MSK 2022
soundString Путин прокомментировал «спецоперацию» впервые почти за месяц
soundString logo2.png
soundString Вечерняя рассылка
soundString Подписаться
soundString 12 апреля 2022
soundString Путин о переговорах, задержание Медведчука и Минфин против дефолта
soundString Владимир Путин впервые с 18 марта прокомментировал ход «специальной операции» и российскоукраинских переговоров. Оптимизма его заявления не прибавили: «операция» будет идти «до достижения целей, поставленных в самом начале», а переговоры «зашли в тупик». А вечером в ситуации появился еще один существенный фактор — президент Украины Владимир Зеленский опубликовал фото задержанного лидера
soundString пророссийской партии ОПЗЖ, кума Путина Виктора Медведчука, обвиняемого в госизмене.
soundString Заявления Путина
soundString Владимир Путин подробно высказался о ходе «спецоперации» и переговоров после встречи с Александром Лукашенко на космодроме «Восточный» в Амурской области. Содержание его заявлений подтвердило вчерашние впечатления австрийского канцлера Карла Нехаммера, заявившего , что Путин «полностью мыслит в логике войны», но при этом «все еще верит в переговоры в Стамбуле».
soundString Главные заявления:
soundString Буча. Убитые мирные жители Бучи — «такой же фейк, как когда изображали применение химоружия правительством Асада [в Сирии]». «Я разговаривал с коллегами из западных стран часто. И когда они мне говорят “Буча”, я спрашиваю: а вы в Ракке были когданибудь? Вы видели, как этот сирийский город начисто, по самую землю, был уничтожен сверху американской авиацией? И там действительно трупы в развалинах
soundString месяцами лежали и разлагались. Дела никому не было до этого, никто даже и не заметил», — сказал Путин.
soundString Ход «операции на Украине». «Спецоперация» идет по плану и будет продолжаться до полного завершения и достижения целей, поставленных в самом начале.
soundString Переговоры. «Киев отошел от договоренностей, достигнутых на переговорах сторон в Стамбуле, и вернулся в тупиковую ситуацию». Но сразу после этого Путин добавил : «Вчера мне сказали, что украинская сторона чтото изменила в позиции по переговорам, подробностей пока не знаю». После заявления Путина его прокомментировали члены украинской делегации Давид Арахамия и Михаил Подоляк: оба написали в
soundString соцсетях, что переговоры продолжаются в онлайнрежиме. Но Арахамия добавил, что «единственное отличие — в том, что мы не принимаем во
soundString внимание дополнительные вопросы, которые не были включены в Стамбульское коммюнике». Главным таким вопросом был статус Донбасса, который с конца марта стал главным театром боевых действий.
soundString Путин лично комментирует ход «спецоперации» впервые с 18 марта, когда выступал на митинге в «Лужниках», а встречу делегаций в Турции она прошла 29 марта — впервые. Сразу после в целом успешных переговоров в Стамбуле источник The Bell, знакомый с их ходом, говорил, что при наличии политической воли на согласование конкретных договоренностей главами МИД можно выйти за несколько дней. Но уже тогда
soundString он предполагал, что обе стороны считают, что время работает на них, и надеются успеть занять часть важных для
soundString дальнейших переговоров территорий.
soundString Задержание Виктора Медведчука
soundString Вечером Владимир Зеленский, а потом и Служба безопасности Украины сообщили о новости, которая может оказать влияние на ход переговоров. Зеленский опубликовал в своих соцсетях в том числе в сториз в инстаграме — с издевательским комментарием «С днем космонавтики!» фотографию задержанного лидера главной пророссийской партии Украины «Оппозиционная платформа — за жизнь» ОПЗЖ Виктора Медведчука, в
soundString конце февраля бежавшего изпод домашнего ареста. Позже СБУ отчиталась о задержании Медведчука в ходе «многоуровневой
soundString спецоперации».
soundString Ветеран украинской политики, в 2002–2005 годах глава администрации президента Леонида Кучмы Виктор Медведчук прежде всего известен как кум Владимира Путина последний в 2004 году стал крестным отцом дочери Медведчука, главный союзник и консультант Путина на Украине.
soundString Перед парламентскими выборами 2019 года Медведчук создал и возглавил пророссийскую коалицию ОПЗЖ, в которую вошли популярные на востоке Украины пророссийские политики большинство — выходцы из «Партии регионов» Виктора Януковича. На выборах 2019 года ОПЗЖ получила 13,05% голосов 5е место.
soundString В мае 2021 года Медведчук был обвинен в государственной измене и помещен под домашний арест в Киеве. За три месяца до этого украинские власти прекратили вещание трех телеканалов, связанных с Медведчуком. 27 февраля, через три дня после начала «спецоперации», украинские власти сообщили, что Медведчук сбежал изпод домашнего ареста. В марте суд во Львовеарестовал Медведчука заочно, а деятельность
soundString ОПЗЖ с 20 марта была приостановлена на
soundString время военного положения.
soundString Путин неоднократно лично комментировал дело Медведчука. В том числе он заявлял , что на родине Медведчука преследуют «за открытую политическую позицию, направленную на стабилизацию внутриполитической ситуации в стране и выстраивание отношений с соседями, которые важны для самой Украины».
soundString Пресссекретарь Путина Дмитрий Песков счел нужным прокомментировать информацию о задержании Медведчука уже через 15 минут после появления этой новости — но сказал, что новость комментировать преждевременно, потому что опубликованная Зеленским фотография требует проверки «Такое количество фейков сейчас идет из Украины».
soundString Что еще случилось
soundString Российский Минфин снова выступил с заявлением, отрицающим грядущий дефолт по внешнему валютному долгу. Краткая предыстория: в понедельник CNN со ссылкой на пятничный релиз S&P о понижении российского рейтинга написала статью c заголовком о том, что Россия объявила дефолт. Формально так пока сказать нельзя хотя в начале мая это, скорее всего, случится , а никакой особенной новости в статье CNN не
soundString было. Но тема дефолта
soundString во многом незаслуженно  так чувствительна, что Минфин опубликовал ответ CNN: о настоящем дефолте говорить нельзя, у России есть деньги на выплаты, а виноваты во всем сами США и их санкции.
soundString Реальный эффективный курс рубля в январе–марте снизился на 21,6%, в марте — на 17,5%, следует из данных ЦБ. Показатель рассчитывается на базе курсов валют ключевых торговых партнеров России в соответствии с долями этих стран во внешнеторговом обороте. По итогам 2021 года реальный эффективный курс рубля вырос на 9%.
soundString Приложение «Сбербанк онлайн» стало недоступным для скачивания на App Store. Попавший под блокирующие санкции банк рекомендует клиентам не удалять уже установленное приложение и использовать адаптированную для мобильных устройств webверсию . В Google Play приложение банка доступно.
soundString Александр Шульгин ушел с поста гендиректора Ozon изза персональных санкций и покинул совет директоров компании. Он попал в санкционный список Евросоюза, который был опубликован на прошлой неделе. Шульгина на посту исполнительного директора сменит финансовый директор Ozon Игорь Герасимов.
soundString Олег Ицхоки, профессор экономики Калифорнийского университета в ЛосАнджелесе и один из самых известных российских экономистов на Западе, получил медаль Джона Бейтса Кларка. Это награда Американской экономической ассоциации, которую вручают ежегодно молодым до 40 лет американским экономистам. Многие из тех, кто получил медаль, в дальнейшем стали лауреатами Нобелевской премии по экономике. В марте
mp3 /Users/maratgizatullin/Dropbox/Public/video_buffer/20220414_110225_724.mp3
mp3 /Users/maratgizatullin/Dropbox/Public/video_buffer/20220414_110504_353.mp3
mp3 /Users/maratgizatullin/Dropbox/Public/video_buffer/20220414_110539_061.mp3
mp3 /Users/maratgizatullin/Dropbox/Public/video_buffer/20220414_110542_072.mp3
mp3 /Users/maratgizatullin/Dropbox/Public/video_buffer/20220414_110545_081.mp3
mp3 /Users/maratgizatullin/Dropbox/Public/video_buffer/20220414_110548_093.mp3
mp3 /Users/maratgizatullin/Dropbox/Public/video_buffer/20220414_110551_107.mp3
mp3 /Users/maratgizatullin/Dropbox/Public/video_buffer/20220414_110554_116.mp3
mp3 /Users/maratgizatullin/Dropbox/Public/video_buffer/20220414_110557_128.mp3
mp3 /Users/maratgizatullin/Dropbox/Public/video_buffer/20220414_110600_140.mp3
mp3 /Users/maratgizatullin/Dropbox/Public/video_buffer/20220414_110603_153.mp3
mp3 /Users/maratgizatullin/Dropbox/Public/video_buffer/20220414_110606_166.mp3
mp3 /Users/maratgizatullin/Dropbox/Public/video_buffer/20220414_110609_176.mp3
mp3 /Users/maratgizatullin/Dropbox/Public/video_buffer/20220414_110612_188.mp3
mp3 /Users/maratgizatullin/Dropbox/Public/video_buffer/20220414_110615_197.mp3
mp3 /Users/maratgizatullin/Dropbox/Public/video_buffer/20220414_110618_213.mp3
mp3 /Users/maratgizatullin/Dropbox/Public/video_buffer/20220414_110621_226.mp3
mp3 /Users/maratgizatullin/Dropbox/Public/video_buffer/20220414_110624_239.mp3
Meduza Thu Apr 14 11:10:26 MSK 2022
soundString Ицхоки дал интервью The Bell, в котором
soundString предположил, как Россия будет жить в условиях санкций и что они будут значить для населения. В прошлом году Ицхоки был одним из героев проекта «Русские норм!».
soundString Годовая инфляция в США по итогам марта ускорилась с 7,9% в феврале до 8,5%, сообщает американское Министерство труда. Это максимум с декабря 1981 года.
soundString Бывший заместитель гендиректора «Аэрофлота» Андрей Панов, в марте уволившийся из компании и покинувший Россию, написал колонку для Financial Times, в которой осудил «спецоперацию» на Украине и российские компании, которые продолжают «вести бизнес в обычном режиме», и призвал российских бизнесменов игнорировать сделки и контракты, которые какимто образом могут помочь «спецоперации».
soundString Петр Мироненко
soundString The Bell можно читать в соцсетях
soundString Ежедневная рассылка. Мы выбираем только те новости, которые имеют значение для вас и вашего бизнеса. Выходим пять дней в неделю в 10 утра и в 8 вечера.
soundString Оставить отзыв
soundString The Bell © 2021, Все права защищены.
soundString Отписаться от рассылки
soundString MESSAGE_END
mp3 /Users/maratgizatullin/podcasts/video_buffer/20220414_111052_845.mp3
mp3 /Users/maratgizatullin/podcasts/video_buffer/20220414_111107_377.mp3
mp3 /Users/maratgizatullin/podcasts/video_buffer/20220414_111110_947.mp3
copy /Users/maratgizatullin/podcasts/video_buffer/20220414_110539_061.mp3 -> /Users/maratgizatullin/podcasts/news/20220414_110539_061.mp3
result /Users/maratgizatullin/podcasts/news/20220414_110539_061.mp3
copy /Users/maratgizatullin/podcasts/video_buffer/20220414_110615_197.mp3 -> /Users/maratgizatullin/podcasts/news/20220414_110615_197.mp3
result /Users/maratgizatullin/podcasts/news/20220414_110615_197.mp3
copy /Users/maratgizatullin/podcasts/video_buffer/20220412_112103_477.mp3 -> /Users/maratgizatullin/podcasts/news/20220412_112103_477.mp3
result /Users/maratgizatullin/podcasts/news/20220412_112103_477.mp3
copy /Users/maratgizatullin/podcasts/video_buffer/20220412_112051_335.mp3 -> /Users/maratgizatullin/podcasts/news/20220412_112051_335.mp3
result /Users/maratgizatullin/podcasts/news/20220412_112051_335.mp3
copy /Users/maratgizatullin/podcasts/video_buffer/20220412_112115_547.mp3 -> /Users/maratgizatullin/podcasts/news/20220412_112115_547.mp3
result /Users/maratgizatullin/podcasts/news/20220412_112115_547.mp3
copy /Users/maratgizatullin/podcasts/video_buffer/20220414_110618_213.mp3 -> /Users/maratgizatullin/podcasts/news/20220414_110618_213.mp3
result /Users/maratgizatullin/podcasts/news/20220414_110618_213.mp3
copy /Users/maratgizatullin/podcasts/video_buffer/20220412_112133_635.mp3 -> /Users/maratgizatullin/podcasts/news/20220412_112133_635.mp3
result /Users/maratgizatullin/podcasts/news/20220412_112133_635.mp3
copy /Users/maratgizatullin/podcasts/video_buffer/20220414_110609_176.mp3 -> /Users/maratgizatullin/podcasts/news/20220414_110609_176.mp3
result /Users/maratgizatullin/podcasts/news/20220414_110609_176.mp3
copy /Users/maratgizatullin/podcasts/video_buffer/20220412_112127_601.mp3 -> /Users/maratgizatullin/podcasts/news/20220412_112127_601.mp3
result /Users/maratgizatullin/podcasts/news/20220412_112127_601.mp3
copy /Users/maratgizatullin/podcasts/video_buffer/20220414_110542_072.mp3 -> /Users/maratgizatullin/podcasts/news/20220414_110542_072.mp3
result /Users/maratgizatullin/podcasts/news/20220414_110542_072.mp3
copy /Users/maratgizatullin/podcasts/video_buffer/20220414_110612_188.mp3 -> /Users/maratgizatullin/podcasts/news/20220414_110612_188.mp3
result /Users/maratgizatullin/podcasts/news/20220414_110612_188.mp3
copy /Users/maratgizatullin/podcasts/video_buffer/20220414_110621_226.mp3 -> /Users/maratgizatullin/podcasts/news/20220414_110621_226.mp3
result /Users/maratgizatullin/podcasts/news/20220414_110621_226.mp3
copy /Users/maratgizatullin/podcasts/video_buffer/20220414_110545_081.mp3 -> /Users/maratgizatullin/podcasts/news/20220414_110545_081.mp3
result /Users/maratgizatullin/podcasts/news/20220414_110545_081.mp3
copy /Users/maratgizatullin/podcasts/video_buffer/20220414_110225_724.mp3 -> /Users/maratgizatullin/podcasts/news/20220414_110225_724.mp3
result /Users/maratgizatullin/podcasts/news/20220414_110225_724.mp3
copy /Users/maratgizatullin/podcasts/video_buffer/20220412_112109_516.mp3 -> /Users/maratgizatullin/podcasts/news/20220412_112109_516.mp3
result /Users/maratgizatullin/podcasts/news/20220412_112109_516.mp3
copy /Users/maratgizatullin/podcasts/video_buffer/20220412_112130_620.mp3 -> /Users/maratgizatullin/podcasts/news/20220412_112130_620.mp3
result /Users/maratgizatullin/podcasts/news/20220412_112130_620.mp3
copy /Users/maratgizatullin/podcasts/video_buffer/20220414_110624_239.mp3 -> /Users/maratgizatullin/podcasts/news/20220414_110624_239.mp3
result /Users/maratgizatullin/podcasts/news/20220414_110624_239.mp3
copy /Users/maratgizatullin/podcasts/video_buffer/20220412_112100_465.mp3 -> /Users/maratgizatullin/podcasts/news/20220412_112100_465.mp3
result /Users/maratgizatullin/podcasts/news/20220412_112100_465.mp3
copy /Users/maratgizatullin/podcasts/video_buffer/20220414_110551_107.mp3 -> /Users/maratgizatullin/podcasts/news/20220414_110551_107.mp3
result /Users/maratgizatullin/podcasts/news/20220414_110551_107.mp3
copy /Users/maratgizatullin/podcasts/video_buffer/20220414_111052_845.mp3 -> /Users/maratgizatullin/podcasts/news/20220414_111052_845.mp3
result /Users/maratgizatullin/podcasts/news/20220414_111052_845.mp3
copy /Users/maratgizatullin/podcasts/video_buffer/20220414_111107_377.mp3 -> /Users/maratgizatullin/podcasts/news/20220414_111107_377.mp3
result /Users/maratgizatullin/podcasts/news/20220414_111107_377.mp3
copy /Users/maratgizatullin/podcasts/video_buffer/20220414_110603_153.mp3 -> /Users/maratgizatullin/podcasts/news/20220414_110603_153.mp3
result /Users/maratgizatullin/podcasts/news/20220414_110603_153.mp3
copy /Users/maratgizatullin/podcasts/video_buffer/20220412_112124_578.mp3 -> /Users/maratgizatullin/podcasts/news/20220412_112124_578.mp3
result /Users/maratgizatullin/podcasts/news/20220412_112124_578.mp3
copy /Users/maratgizatullin/podcasts/video_buffer/20220414_110554_116.mp3 -> /Users/maratgizatullin/podcasts/news/20220414_110554_116.mp3
result /Users/maratgizatullin/podcasts/news/20220414_110554_116.mp3
copy /Users/maratgizatullin/podcasts/video_buffer/20220412_112136_645.mp3 -> /Users/maratgizatullin/podcasts/news/20220412_112136_645.mp3
result /Users/maratgizatullin/podcasts/news/20220412_112136_645.mp3
copy /Users/maratgizatullin/podcasts/video_buffer/20220412_112054_424.mp3 -> /Users/maratgizatullin/podcasts/news/20220412_112054_424.mp3
result /Users/maratgizatullin/podcasts/news/20220412_112054_424.mp3
copy /Users/maratgizatullin/podcasts/video_buffer/20220414_110548_093.mp3 -> /Users/maratgizatullin/podcasts/news/20220414_110548_093.mp3
result /Users/maratgizatullin/podcasts/news/20220414_110548_093.mp3
copy /Users/maratgizatullin/podcasts/video_buffer/20220412_112057_446.mp3 -> /Users/maratgizatullin/podcasts/news/20220412_112057_446.mp3
result /Users/maratgizatullin/podcasts/news/20220412_112057_446.mp3
copy /Users/maratgizatullin/podcasts/video_buffer/20220412_112121_570.mp3 -> /Users/maratgizatullin/podcasts/news/20220412_112121_570.mp3
result /Users/maratgizatullin/podcasts/news/20220412_112121_570.mp3
copy /Users/maratgizatullin/podcasts/video_buffer/20220414_110606_166.mp3 -> /Users/maratgizatullin/podcasts/news/20220414_110606_166.mp3
result /Users/maratgizatullin/podcasts/news/20220414_110606_166.mp3
copy /Users/maratgizatullin/podcasts/video_buffer/20220414_110504_353.mp3 -> /Users/maratgizatullin/podcasts/news/20220414_110504_353.mp3
result /Users/maratgizatullin/podcasts/news/20220414_110504_353.mp3
copy /Users/maratgizatullin/podcasts/video_buffer/20220412_112112_531.mp3 -> /Users/maratgizatullin/podcasts/news/20220412_112112_531.mp3
result /Users/maratgizatullin/podcasts/news/20220412_112112_531.mp3
copy /Users/maratgizatullin/podcasts/video_buffer/20220414_111110_947.mp3 -> /Users/maratgizatullin/podcasts/news/20220414_111110_947.mp3
result /Users/maratgizatullin/podcasts/news/20220414_111110_947.mp3
copy /Users/maratgizatullin/podcasts/video_buffer/20220414_110557_128.mp3 -> /Users/maratgizatullin/podcasts/news/20220414_110557_128.mp3
result /Users/maratgizatullin/podcasts/news/20220414_110557_128.mp3
copy /Users/maratgizatullin/podcasts/video_buffer/20220412_112106_502.mp3 -> /Users/maratgizatullin/podcasts/news/20220412_112106_502.mp3
result /Users/maratgizatullin/podcasts/news/20220412_112106_502.mp3
copy /Users/maratgizatullin/podcasts/video_buffer/20220412_112118_556.mp3 -> /Users/maratgizatullin/podcasts/news/20220412_112118_556.mp3
result /Users/maratgizatullin/podcasts/news/20220412_112118_556.mp3
copy /Users/maratgizatullin/podcasts/video_buffer/20220412_112139_662.mp3 -> /Users/maratgizatullin/podcasts/news/20220412_112139_662.mp3
result /Users/maratgizatullin/podcasts/news/20220412_112139_662.mp3
copy /Users/maratgizatullin/podcasts/video_buffer/20220414_110600_140.mp3 -> /Users/maratgizatullin/podcasts/news/20220414_110600_140.mp3
result /Users/maratgizatullin/podcasts/news/20220414_110600_140.mp3
Meduza Thu Apr 14 11:14:52 MSK 2022
soundString Изза санкций контейнерный грузооборот в портах СевероЗапада может упасть критически — на 90–95%
soundString logo2.png
soundString Утренняя рассылка
soundString Подписаться
soundString 13 апреля 2022
soundString Изза санкций контейнерный грузооборот в портах СевероЗапада может упасть критически — на 90–95%
soundString Под угрозой могут оказаться даже те поставки импортных товаров в Россию, которые пережили первые полтора месяца «спецоперации» — изза отказа операторов контейнерных перевозок заходить в порты российского СевероЗапада. Участники рынка пугают сокращением контейнерооборота портов на этом направлении на 90–95% с мая.
soundString Изза санкционных и околосанкционных ограничений контейнерооборот портов в СевероЗападном бассейне может сократиться на 90–95%. Об этом предупредил гендиректор УК «Дело» Дмитрий Паньков, пишет «Коммерсантъ». По его словам, многие ограничения — и такого не было раньше — вводятся компаниями добровольно: операторы самостоятельно решают не заходить в российские порты.
soundString В целом, отметил он, из примерно 20 основных международных линий, присутствовавших на российском рынке, ушло 14, на которые приходится порядка 70% грузооборота. В первом квартале драматического падения не наблюдается, но в первые два месяца был достаточно существенный рост, говорит Паньков, а вот в марте ситуация начинает ухудшаться: в СевероЗападном бассейне падение составило 35%, в
soundString АзовоЧерноморском бассейне — порядка 50%.
soundString В апреле судозаходы продолжаются, но происходит вывоз тех контейнеров, которые скопились в России, и завоз грузов, которые скопились в европейских портах, подчеркнул он. До конца месяца линии планируют вывезти все свои контейнеры, после чего, если не произойдет замещения, падение по СевероЗападу и достигнет 95%. Из линий, которые там работают, на рынке остались лишь китайская COSCO и Unifeeder
soundString принадлежит эмиратской DP World, но и последний объявил об уходе. В АзовоЧерноморском бассейне падение по результатам года составит 20–30%, полагает Паньков — там идет
soundString замещение на турецких и индийских операторов.
soundString Источник «Коммерсанта» в отрасли считает оценку Панькова излишне пессимистичной — по его мнению, контейнерные линии оперативно подстроятся к ситуации, как только она станет стабильной. Важно не допустить зеркальных санкций по запрету заходов иностранных судовладельцев в российские порты, подчеркивает он, и тогда рынок СевероЗапада сохранит некоторые перспективы. Гендиректор «InfolineАналитики»
soundString Михаил Бурмистров также считает оценку завышенной. Но с учетом усиления санкционного давления и локдауна в Китае, по его словам, можно говорить о
soundString сокращении в несколько раз к аналогичному месяцу прошлого года.
soundString Морские контейнерные перевозки — основной способ перевозки импортируемых в Россию потребительских товаров и промышленного оборудования.
soundString Неработающая Unionpay
soundString Спрос на карты китайской платежной системы UnionPay продолжает расти — по экспертным оценкам, число эмитированных карт на сегодняшний день составляет около полумиллиона, что в десять раз больше, чем на начало марта. Существенная доля выпущенных в последнее время карт — виртуальные, то есть предназначенные для оплаты в интернете. Однако, как пишет «Коммерсантъ» со ссылкой на многочисленные жалобы
soundString в соцсетях и на профильных форумах, свои задачи карта выполняет далеко не всегда.
soundString Протестировать UnionPay за рубежом физически удалось лишь единицам, и отзывы разные, отмечает издание: к примеру, один из держателей пожаловался, что в США карту почти нигде не приняли. Покупки в интернете оплачивать картой UnionPay часто не удается. Банки эти проблемы не афишируют, но в коллцентрах, в которые позвонил «Коммерсантъ», не стали скрывать, что невозможность оплаты — это
soundString распространенное явление. В неофициальных разговорах банкиры рассказывают, что проблема заключается в иностранных онлайнмагазинах, которые на фоне «спецоперации» решили не
soundString обслуживать россиян. Такие игроки, пояснил один из источников газеты, дают распоряжение банкамэквайерам не проводить платежи по картам, выпущенным в России, вне зависимости от платежной системы.
soundString Эксперты говорят, что повлиять на ситуацию могла бы сама UnionPay. Но, отмечает «Коммерсантъ», платежная система, похоже, предпочитает не вмешиваться.
soundString Лазейка для миллиардеров
soundString Евросоюз дал возможность российским бизнесменам, попавшим под санкции изза «операции» на Украине, продать до 9 октября доли в своих европейских компаниях новым владельцам, пишет РБК со ссылкой на обновленный санкционный регламент.
soundString Сделка, согласно документу, должна носить денежный характер «продажа или передача», а поступления от такой транзакции — заморожены. Ведомства стран ЕС могут «в подходящих обстоятельствах» разрешить разморозку определенных активов или экономических ресурсов, если это нужно для сделки. По словам директора французского отделения консалтинговой компании Aperio Intelligence Джорджа Волошина, это
soundString положение, повидимому, относится к предпродажным расходам.
soundString Опрошенные РБК специалисты по санкционному праву считают, что пункт о возможности продажи европейских структур — это реакция регуляторов ЕС на кейс миллиардера Алексея Мордашова. В прошлом месяце стало известно, что он, через кипрскую Unifirm владевший 34% акций немецкого туроператора TUI AG, передал 29,9% акций TUI зарегистрированной на Британских Виргинских островах компании Ondero Limited.
soundString Позднее TUI сообщила, что, насколько ей известно, контролирующим акционером Ondero является Марина Мордашова, которая не попала под санкции. Как писал Forbes, так зовут третью жену
soundString бизнесмена и мать четверых его детей.
soundString Как отмечает РБК, регламент может открывать лазейку для продажи подсанкционными россиянами своих европейских активов родственникам или дружественным лицам, не попавшим под ограничительные меры. По словам Волошина, вряд ли прописанным разрешением можно будет «воспользоваться, если единственный смысл — сохранение доступа к активам в руках семьи», другое дело — если сделка направлена на сохранение
soundString деятельности компании с местными работниками и активами.
soundString Что еще
soundString Владимир Зеленский предложил России обменять Виктора Медведчука на украинских пленных. Медведчук — кум Владимира Путина и лидер главной пророссийской партии Украины «Оппозиционная платформа — за жизнь», о его задержании мы подробно писали в вечерней рассылке .
soundString Джо Байден, который ранее использовал термин «военное преступление», когда говорил о событиях на Украине, впервые назвал происходящее «геноцидом». «Да, я назвал это геноцидом. Становится все яснее и яснее, что Путин просто пытается стереть с лица земли саму идею того, что можно быть украинцем», — подчеркнул он цитата по Associated Press. В начале апреля Байден соглашаться с такой формулировкой
soundString отказывался .
soundString Крупнейший независимый нефтетрейдер Vitol Group к концу года планирует прекратить торговлю нефтью и нефтепродуктами из России, если не будет иных распоряжений, сообщил Bloomberg представитель компании.
soundString Кирилл Буланов
mp3 /Users/maratgizatullin/podcasts/video_buffer/20220414_111638_698.mp3
mp3 /Users/maratgizatullin/podcasts/video_buffer/20220414_111641_745.mp3
mp3 /Users/maratgizatullin/podcasts/video_buffer/20220414_111644_763.mp3
mp3 /Users/maratgizatullin/podcasts/video_buffer/20220414_111647_776.mp3
mp3 /Users/maratgizatullin/podcasts/video_buffer/20220414_111650_793.mp3
mp3 /Users/maratgizatullin/podcasts/video_buffer/20220414_111653_816.mp3
mp3 /Users/maratgizatullin/podcasts/video_buffer/20220414_111656_839.mp3
mp3 /Users/maratgizatullin/podcasts/video_buffer/20220414_111659_859.mp3
mp3 /Users/maratgizatullin/podcasts/video_buffer/20220414_111702_877.mp3
mp3 /Users/maratgizatullin/podcasts/video_buffer/20220414_111705_894.mp3
mp3 /Users/maratgizatullin/podcasts/video_buffer/20220414_111708_908.mp3
mp3 /Users/maratgizatullin/podcasts/video_buffer/20220414_111711_924.mp3
mp3 /Users/maratgizatullin/podcasts/video_buffer/20220414_111714_938.mp3
mp3 /Users/maratgizatullin/podcasts/video_buffer/20220414_111717_961.mp3
mp3 /Users/maratgizatullin/podcasts/video_buffer/20220414_111720_977.mp3
mp3 /Users/maratgizatullin/podcasts/video_buffer/20220414_111723_992.mp3
mp3 /Users/maratgizatullin/podcasts/video_buffer/20220414_111727_009.mp3
mp3 /Users/maratgizatullin/podcasts/video_buffer/20220414_111730_028.mp3
Meduza Thu Apr 14 12:26:43 MSK 2022
soundString The Bell можно читать в соцсетях
soundString Ежедневная рассылка. Мы выбираем только те новости, которые имеют значение для вас и вашего бизнеса. Выходим пять дней в неделю в 10 утра и в 8 вечера.
soundString Оставить отзыв
soundString The Bell © 2021, Все права защищены.
soundString Отписаться от рассылки
soundString MESSAGE_END
mp3 /Users/maratgizatullin/podcasts/video_buffer/20220414_122648_978.mp3
copy /Users/maratgizatullin/podcasts/video_buffer/20220414_111723_992.mp3 -> /Users/maratgizatullin/podcasts/news/20220414_111723_992.mp3
result /Users/maratgizatullin/podcasts/news/20220414_111723_992.mp3
copy /Users/maratgizatullin/podcasts/video_buffer/20220414_111656_839.mp3 -> /Users/maratgizatullin/podcasts/news/20220414_111656_839.mp3
result /Users/maratgizatullin/podcasts/news/20220414_111656_839.mp3
copy /Users/maratgizatullin/podcasts/video_buffer/20220414_111702_877.mp3 -> /Users/maratgizatullin/podcasts/news/20220414_111702_877.mp3
result /Users/maratgizatullin/podcasts/news/20220414_111702_877.mp3
copy /Users/maratgizatullin/podcasts/video_buffer/20220414_111727_009.mp3 -> /Users/maratgizatullin/podcasts/news/20220414_111727_009.mp3
result /Users/maratgizatullin/podcasts/news/20220414_111727_009.mp3
copy /Users/maratgizatullin/podcasts/video_buffer/20220414_111638_698.mp3 -> /Users/maratgizatullin/podcasts/news/20220414_111638_698.mp3
result /Users/maratgizatullin/podcasts/news/20220414_111638_698.mp3
copy /Users/maratgizatullin/podcasts/video_buffer/20220414_111705_894.mp3 -> /Users/maratgizatullin/podcasts/news/20220414_111705_894.mp3
result /Users/maratgizatullin/podcasts/news/20220414_111705_894.mp3
copy /Users/maratgizatullin/podcasts/video_buffer/20220414_111730_028.mp3 -> /Users/maratgizatullin/podcasts/news/20220414_111730_028.mp3
result /Users/maratgizatullin/podcasts/news/20220414_111730_028.mp3
copy /Users/maratgizatullin/podcasts/video_buffer/20220414_111717_961.mp3 -> /Users/maratgizatullin/podcasts/news/20220414_111717_961.mp3
result /Users/maratgizatullin/podcasts/news/20220414_111717_961.mp3
copy /Users/maratgizatullin/podcasts/video_buffer/20220414_111711_924.mp3 -> /Users/maratgizatullin/podcasts/news/20220414_111711_924.mp3
result /Users/maratgizatullin/podcasts/news/20220414_111711_924.mp3
copy /Users/maratgizatullin/podcasts/video_buffer/20220414_111650_793.mp3 -> /Users/maratgizatullin/podcasts/news/20220414_111650_793.mp3
result /Users/maratgizatullin/podcasts/news/20220414_111650_793.mp3
copy /Users/maratgizatullin/podcasts/video_buffer/20220414_111641_745.mp3 -> /Users/maratgizatullin/podcasts/news/20220414_111641_745.mp3
result /Users/maratgizatullin/podcasts/news/20220414_111641_745.mp3
copy /Users/maratgizatullin/podcasts/video_buffer/20220414_111708_908.mp3 -> /Users/maratgizatullin/podcasts/news/20220414_111708_908.mp3
result /Users/maratgizatullin/podcasts/news/20220414_111708_908.mp3
copy /Users/maratgizatullin/podcasts/video_buffer/20220414_111714_938.mp3 -> /Users/maratgizatullin/podcasts/news/20220414_111714_938.mp3
result /Users/maratgizatullin/podcasts/news/20220414_111714_938.mp3
copy /Users/maratgizatullin/podcasts/video_buffer/20220414_111720_977.mp3 -> /Users/maratgizatullin/podcasts/news/20220414_111720_977.mp3
result /Users/maratgizatullin/podcasts/news/20220414_111720_977.mp3
copy /Users/maratgizatullin/podcasts/video_buffer/20220414_111644_763.mp3 -> /Users/maratgizatullin/podcasts/news/20220414_111644_763.mp3
result /Users/maratgizatullin/podcasts/news/20220414_111644_763.mp3
copy /Users/maratgizatullin/podcasts/video_buffer/20220414_122648_978.mp3 -> /Users/maratgizatullin/podcasts/news/20220414_122648_978.mp3
result /Users/maratgizatullin/podcasts/news/20220414_122648_978.mp3
copy /Users/maratgizatullin/podcasts/video_buffer/20220414_111653_816.mp3 -> /Users/maratgizatullin/podcasts/news/20220414_111653_816.mp3
result /Users/maratgizatullin/podcasts/news/20220414_111653_816.mp3
copy /Users/maratgizatullin/podcasts/video_buffer/20220414_111647_776.mp3 -> /Users/maratgizatullin/podcasts/news/20220414_111647_776.mp3
result /Users/maratgizatullin/podcasts/news/20220414_111647_776.mp3
copy /Users/maratgizatullin/podcasts/video_buffer/20220414_111659_859.mp3 -> /Users/maratgizatullin/podcasts/news/20220414_111659_859.mp3
result /Users/maratgizatullin/podcasts/news/20220414_111659_859.mp3
Meduza Thu Apr 14 14:04:03 MSK 2022
soundString Добивание олигархов санкциями, нефть уходит обратно к $100, рекорды инфляции
soundString logo2.png
soundString Вечерняя рассылка
soundString Подписаться
soundString 13 апреля 2022
soundString Миллиардеров добивают санкциями, нефть уходит обратно к $100, рекорды инфляции
soundString Сегодня Великобританиявнесла в санкционные списки еще 206 человек, в том числе основного акционера АФК «Система» Владимира Евтушенкова и совладельца «Лукойла» Вагита Алекперова.
soundString Оба бизнесмена были на знаменитойвстрече президента Путина с бизнесом 24 февраля, но до сих пор не попадали под новые ограничения Запада. Теперь же под разными санкциями все участники встречи. Формулировка британских санкций широка: «дестабилизация Украины, либо подрыв или угроза ее территориальной целостности, суверенитету и независимости, либо получение выгод от правительства России или
soundString оказание ему поддержки»
soundString Вскоре после этой новости АФК «Система» сообщила, что Владимир Евтушенков передал 10% акций компании своему сыну, члену совета директоров и старшему управляющему партнеру АФК «Система» Феликсу Евтушенкову. У Евтушенковастаршего осталось 49,2%, доля Евтушенковамладшего выросла до 15,2%. В релизе АФК подчеркнула, что санкции персональные и не касаются ее напрямую, но в дальнейшем не исключила
soundString «существенного неблагоприятного воздействия» на компанию факторов вне ее контроля, включая и санкции.
soundString Free float «Лукойла», крупнейшей частной нефтяной компании России, превышает 50%, у Алекперова 28,3%. Пока она не объявляла о какихлибо изменениях во владении.
soundString Евтушенков и Алекперов среди «олигархов», вероятно, меньше других заслуживают санкций. Основатель «Системы» считается одним из немногих нынешних миллиардеров, сделавших состояние еще до Путина, причем не в сырьевой отрасли. Сейчас в портфеле АФК такие разные активы, как МТС, девелопер «Эталон», деревообрабатывающая Segezha, «Биннофарм», «Медси» и Sitronics. А в 2014 году Евтушенков был арестован
soundString по делу «Башнефти» и его немедленносравнили с
soundString эксвладельцем ЮКОСа Михаилом Ходорковским. Дело удалось уладить деньгами, актив в итоге получила «Роснефть».
soundString Алекперов возглавилантирейтинг потерь среди российских миллиардеров в первый же день после начала «военной операции». А в начале марта совет директоров «Лукойла»выразил «свою озабоченность по поводу продолжающихся трагических событий на Украине и глубочайшее сочувствие всем, кого коснулась эта трагедия».
soundString Сегодня же стало известно, что суд британского «налогового рая», острова Джерси,заморозил активы, предположительно связанные с Романом Абрамовичем, на $7 млрд. Это близко к половине его состояния по оценке Bloomberg и заметно больше половины, если следовать оценке Forbes. Что это за активы, пока неясно, сторона бизнесмена посредничавшего для организации мирных переговоров России и Украины пока
soundString не дает комментариев.
soundString С этой недели под санкциями Евросоюза и российские компании, занимающиеся международными автоперевозками, — им теперь закрыт путь на территорию ЕС. Это, наверное, самая демонополизированная и ориентированная на потребителя подотрасль российской традиционной экономики. К тому же она десятилетиями жила в условиях жесточайшей внешней и внутренней конкуренции, не говоря уже о фискальном давлении в
soundString виде того же «Платона». The Bell опросил экспертов и выяснил , насколько подорожают
soundString перевозки, как изменятся цепочки снабжения и чем грозит вероятный ответ российских властей.
soundString «Броня» от санкций пока остается у единственного российского миллиардера — совладельца «Норникеля» Владимира Потанина,замечает Bloomberg. Как раз на этой неделе его компания объявила о покупке Росбанка у Societe Generale, что в противном случае было бы невозможно. Эта броня — никелевая, пишет агентство: ни США, ни Европа пока не готовы рисковать скачком цен на все более востребованный
soundString стратегический металл. Единственные санкции против Потанина пока ввела Канада, сама являющаяся крупным
soundString производителем никеля.
soundString Нефть уходит на $100
soundString Международное энергетическое агентство МЭА сильно снизило прогноз потребления нефти Китаем в апреле на 925 тысяч баррелей в сутки и в мае на 690 тысяч б/с изза жестких пандемических локдаунов. На стороне предложения спад российской добычи в апреле составит 1,5 млн б/с, а не 3 млн б/с, как МЭА предполагало ранее, но агентство не исключает дальнейшего резкого спада в мае. Страны ОПЕК в марте смогли
soundString выбрать дополнительные квоты только на 10%, или на 40 тысяч б/с.
soundString Главный вывод нового отчета в том, что с учетом роспуска нефтяных резервов США и союзниками мировой рынок будет примерно сбалансирован большую часть оставшегося года. А мировой спрос на нефть снизится на 240 тысяч б/с, прогнозирует агентство. Все вышеизложенное давит на цены на нефть. Они находятся уже у $100 за баррель, почти растеряв весь рост с начала российской «военной операции» на
soundString Украине,отмечает Bloomberg.
soundString Что еще
soundString Недельная инфляция в России продолжила снижаться после мартовского пика — 0,66% за неделю к 8 апреля, отчитался сегодня Росстат. Но с начала года она уверенно стала двузначной 10,8%, а в годовом исчислении ускорилась до 17,5% с 16,7% неделей ранее. Такие темпы в последний раз были 20 лет назад.
soundString Беда с инфляцией и в США, что нагляднее голой цифры 8,5% в мартедемонстрируют данные о ценах производителей. В марте индекс PPI вырос на 11,2% год к году и на 1,4% к февралю последнее — исторический рекорд. Базовый PPI за вычетом волатильных цен на энергоносители и продукты вырос на 9,2% и 1% соответственно, а значит, мартовская инфляция не предел. Великобританиипредсказывают апрельскую инфляцию
soundString в 9% после 7% в марте, но здесь немыслимые
soundString еще недавно цифры — следствие импорта роста цен в виде энергоносителей и электричества.
soundString Эксперты организаций, работающих с правительством Германии,оценили ущерб экономике страны от немедленного прекращения поставок российских энергоносителей. Это гигантские 220 млрд евро или минус 6,5% к ВВП в течение двух лет, то есть резкое сваливание в рецессию. Если крупнейшая экономика ЕС не откажется от российского газа, ее ВВП вырастет на 2,7% в текущем году и на 3,1% в 2023 году. Инфляция в
soundString среднем за 2022 год достигнет сорокалетнего максимума — 6,1%.
soundString Деятельность в России приостановил производитель кофе и кофемашин Lavazza. А Reckitt Benckiser Nurofen, Calgon, Clearasil, Durex, Lysolначал отчуждение российского бизнеса. Его передадут третьей стороне либо сотрудникам компании.
soundString ПАРТНЕРЫ THE BELL
soundString Как управлять здоровьем сотрудников
mp3 /Users/maratgizatullin/podcasts/video_buffer/20220414_140546_460.mp3
mp3 /Users/maratgizatullin/podcasts/video_buffer/20220414_140549_508.mp3
mp3 /Users/maratgizatullin/podcasts/video_buffer/20220414_140552_520.mp3
mp3 /Users/maratgizatullin/podcasts/video_buffer/20220414_140555_533.mp3
mp3 /Users/maratgizatullin/podcasts/video_buffer/20220414_140558_551.mp3
mp3 /Users/maratgizatullin/podcasts/video_buffer/20220414_140601_574.mp3
mp3 /Users/maratgizatullin/podcasts/video_buffer/20220414_140604_593.mp3
mp3 /Users/maratgizatullin/podcasts/video_buffer/20220414_140607_606.mp3
mp3 /Users/maratgizatullin/podcasts/video_buffer/20220414_140610_626.mp3
mp3 /Users/maratgizatullin/podcasts/video_buffer/20220414_140613_650.mp3
mp3 /Users/maratgizatullin/podcasts/video_buffer/20220414_140616_664.mp3
mp3 /Users/maratgizatullin/podcasts/video_buffer/20220414_140619_679.mp3
mp3 /Users/maratgizatullin/podcasts/video_buffer/20220414_140622_697.mp3
mp3 /Users/maratgizatullin/podcasts/video_buffer/20220414_140625_716.mp3
mp3 /Users/maratgizatullin/podcasts/video_buffer/20220414_140628_729.mp3
mp3 /Users/maratgizatullin/podcasts/video_buffer/20220414_140631_746.mp3
Meduza Thu Apr 14 14:15:51 MSK 2022
soundString Риски для здоровья — одна из главных угроз для бизнеса, считает почти половина всех гендиректоров в мире. Во времена нестабильности наша тревожность растет: проблемы с ментальным здоровьем могут затронуть каждого четвертого человека и именно они — основная причина длительного отсутствия на работе, судя по мировой статистике. А счастье сотрудников — конкурентное преимущество, благодаря которому
soundString компании могут увеличить выручку компании на 10–37%.
soundString Вместе с BestDoctor разбираемся, как ДМС помогает управлять здоровьем сотрудников и как можно «настроить» его под свои нужды.
soundString Сергей Смирнов
soundString The Bell можно читать в соцсетях
soundString Ежедневная рассылка. Мы выбираем только те новости, которые имеют значение для вас и вашего бизнеса. Выходим пять дней в неделю в 10 утра и в 8 вечера.
soundString Оставить отзыв
soundString The Bell © 2021, Все права защищены.
soundString Отписаться от рассылки
soundString MESSAGE_END
mp3 /Users/maratgizatullin/podcasts/video_buffer/20220414_141608_450.mp3
mp3 /Users/maratgizatullin/podcasts/video_buffer/20220414_141611_476.mp3
mp3 /Users/maratgizatullin/podcasts/video_buffer/20220414_141614_506.mp3
copy /Users/maratgizatullin/podcasts/video_buffer/20220414_140604_593.mp3 -> /Users/maratgizatullin/podcasts/news/20220414_140604_593.mp3
result /Users/maratgizatullin/podcasts/news/20220414_140604_593.mp3
copy /Users/maratgizatullin/podcasts/video_buffer/20220414_140601_574.mp3 -> /Users/maratgizatullin/podcasts/news/20220414_140601_574.mp3
result /Users/maratgizatullin/podcasts/news/20220414_140601_574.mp3
copy /Users/maratgizatullin/podcasts/video_buffer/20220414_141608_450.mp3 -> /Users/maratgizatullin/podcasts/news/20220414_141608_450.mp3
result /Users/maratgizatullin/podcasts/news/20220414_141608_450.mp3
copy /Users/maratgizatullin/podcasts/video_buffer/20220414_141614_506.mp3 -> /Users/maratgizatullin/podcasts/news/20220414_141614_506.mp3
result /Users/maratgizatullin/podcasts/news/20220414_141614_506.mp3
copy /Users/maratgizatullin/podcasts/video_buffer/20220414_140625_716.mp3 -> /Users/maratgizatullin/podcasts/news/20220414_140625_716.mp3
result /Users/maratgizatullin/podcasts/news/20220414_140625_716.mp3
copy /Users/maratgizatullin/podcasts/video_buffer/20220414_140631_746.mp3 -> /Users/maratgizatullin/podcasts/news/20220414_140631_746.mp3
result /Users/maratgizatullin/podcasts/news/20220414_140631_746.mp3
copy /Users/maratgizatullin/podcasts/video_buffer/20220414_140555_533.mp3 -> /Users/maratgizatullin/podcasts/news/20220414_140555_533.mp3
result /Users/maratgizatullin/podcasts/news/20220414_140555_533.mp3
copy /Users/maratgizatullin/podcasts/video_buffer/20220414_140622_697.mp3 -> /Users/maratgizatullin/podcasts/news/20220414_140622_697.mp3
result /Users/maratgizatullin/podcasts/news/20220414_140622_697.mp3
copy /Users/maratgizatullin/podcasts/video_buffer/20220414_140607_606.mp3 -> /Users/maratgizatullin/podcasts/news/20220414_140607_606.mp3
result /Users/maratgizatullin/podcasts/news/20220414_140607_606.mp3
copy /Users/maratgizatullin/podcasts/video_buffer/20220414_140619_679.mp3 -> /Users/maratgizatullin/podcasts/news/20220414_140619_679.mp3
result /Users/maratgizatullin/podcasts/news/20220414_140619_679.mp3
copy /Users/maratgizatullin/podcasts/video_buffer/20220414_140549_508.mp3 -> /Users/maratgizatullin/podcasts/news/20220414_140549_508.mp3
result /Users/maratgizatullin/podcasts/news/20220414_140549_508.mp3
copy /Users/maratgizatullin/podcasts/video_buffer/20220414_140610_626.mp3 -> /Users/maratgizatullin/podcasts/news/20220414_140610_626.mp3
result /Users/maratgizatullin/podcasts/news/20220414_140610_626.mp3
copy /Users/maratgizatullin/podcasts/video_buffer/20220414_140613_650.mp3 -> /Users/maratgizatullin/podcasts/news/20220414_140613_650.mp3
result /Users/maratgizatullin/podcasts/news/20220414_140613_650.mp3
copy /Users/maratgizatullin/podcasts/video_buffer/20220414_140552_520.mp3 -> /Users/maratgizatullin/podcasts/news/20220414_140552_520.mp3
result /Users/maratgizatullin/podcasts/news/20220414_140552_520.mp3
copy /Users/maratgizatullin/podcasts/video_buffer/20220414_140546_460.mp3 -> /Users/maratgizatullin/podcasts/news/20220414_140546_460.mp3
result /Users/maratgizatullin/podcasts/news/20220414_140546_460.mp3
copy /Users/maratgizatullin/podcasts/video_buffer/20220414_141611_476.mp3 -> /Users/maratgizatullin/podcasts/news/20220414_141611_476.mp3
result /Users/maratgizatullin/podcasts/news/20220414_141611_476.mp3
copy /Users/maratgizatullin/podcasts/video_buffer/20220414_140616_664.mp3 -> /Users/maratgizatullin/podcasts/news/20220414_140616_664.mp3
result /Users/maratgizatullin/podcasts/news/20220414_140616_664.mp3
copy /Users/maratgizatullin/podcasts/video_buffer/20220414_140628_729.mp3 -> /Users/maratgizatullin/podcasts/news/20220414_140628_729.mp3
result /Users/maratgizatullin/podcasts/news/20220414_140628_729.mp3
copy /Users/maratgizatullin/podcasts/video_buffer/20220414_140558_551.mp3 -> /Users/maratgizatullin/podcasts/news/20220414_140558_551.mp3
result /Users/maratgizatullin/podcasts/news/20220414_140558_551.mp3
Meduza Fri Apr 15 12:25:25 MSK 2022
soundString Нефтетрейдеры начнут сокращать закупки российской нефти с середины мая
soundString logo2.png
soundString Утренняя рассылка
soundString Подписаться
soundString 14 апреля 2022
soundString Нефтетрейдеры начнут сокращать закупки российской нефти с середины мая
soundString Крупнейшие мировые нефтетрейдеры планируют с 15 мая, когда в силу вступят санкции ЕС, сократить закупки нефти и нефтепродуктов у российских нефтяных компаний, попавших под ограничения, сообщает Reuters со ссылкой на источники. Хотя Евросоюз пока не смог договориться о запрете на импорт российской нефти, частные покупатели вынуждены ограничивать ее закупки, руководствуясь формулировками уже
soundString введенных санкций.
soundString Trafigura, один из крупнейших мировых нефтетрейдеров и крупный покупатель российской нефти, подтвердил Reuters, что «будет полностью соблюдать все введенные санкции» и сократит закупки у России. Крупнейший независимый нефтетрейдер Vitol Group не стал отвечать на вопросы агентства, но накануне Bloomberg сообщал , что компания к концу года планирует прекратить торговлю нефтью и нефтепродуктами из
soundString России.
soundString Санкции ЕС сейчас не запрещают напрямую импорт российской нефти. Но, как отмечает Reuters, частные покупатели вынуждены сокращать закупки нефти у российских нефтяных госкомпаний, руководствуясь действующими санкциями, направленными на ограничение доступа России к международной финансовой системе. В середине марта Евросоюз ввел санкции против «Роснефти», «Газпром нефти» и «Транснефти». Сделки и
soundString транзакции с этими компаниями запрещены в юрисдикции ЕС.
soundString В действующей формулировке под санкции не попадают закупки нефти у «Роснефти» и «Газпром нефти», которые считаются «строго необходимыми» для обеспечения энергетической безопасности Европы. По словам источников Reuters, трейдеры сейчас пытаются разобраться, что означает «строго необходимо». «Все компании сидят со своими юристами, чтобы выяснить, что они могут и чего теперь не могут делать», —
soundString сказал один из источников. Например, формулировка, вероятно, запрещает покупку российской нефти для дальнейшей продажи посредникам, но разрешает покупать
soundString сырье у России для поставок нефтеперерабатывающим заводам.
soundString Накануне Международное энергетическое агентство МЭА спрогнозировало снижение нефтедобычи в России изза санкций. По его оценке, в апреле добыча российской нефти уже сократилась на 700 тысяч баррелей в сутки б/с, к концу месяца спад может составить уже 1,5 млн б/с. В случае расширения санкций или добровольного отказа от поставок в мае объем сокращения может вырасти до 3 млн б/с.
soundString Этот процесс начался в середине марта, отмечает МЭА. В частности, совсем остановился экспорт нефти в США ранее он составлял около 600 тысяч б/с. Об отказе от Urals заявили также Великобритания, Канада и Австралия. При этом пока нет признаков значимого увеличения экспорта нефти из России в Китай, где изза вспышки коронавируса снизилось потребление энергоресурсов.
soundString ЕК сочла расчеты за российский газ в рублях нарушением санкций
soundString Еврокомиссия предупредила страны ЕС, что оплата газа в рублях, как этого требует Россия, будет нарушением санкций, сообщает Bloomberg со ссылкой на источник. По его словам, ЕК провела юридический анализ указа Владимира Путина и пришла к выводу, что новый механизм расчета за газ в рублях позволит российскому государству получить полный контроль через Центробанк над тем, когда транзакция
soundString осуществлена и покупатель может быть освобожден от обязательств.
soundString В конце марта Путин подписал указ о расчетах за газ с «недружественными» странами в рублях. С 1 апреля компании из западных стран должны открыть в Газпромбанке два счета: рублевый и валютный. Плата за газ будет переводиться сначала на валютный счет, после чего банк продаст валюту, а полученные рубли зачислит на рублевый счет. В чем смысл этой инициативы, мы разбирались здесь .
soundString «Спецоперация» поставила на грань краха рынок бумаги
soundString Офисная бумага в марте стала одним из символов наступающего изза санкций дефицита. Специальный корреспондент The Bell Ирина Панкратова разобралась , почему цены выросли так стремительно, когда ждать возвращения на прилавки качественной недорогой бумаги и как бизнес переживает откат в развитии на несколько десятилетий назад.
soundString На удорожание офисной бумаги в 4–5 раз покупатели обратили внимание еще несколько недель назад. Если до 24 февраля пачку в 500 листов можно было купить за 250–280 рублей, то в конце марта на популярных маркетплейсах тот же товар продавался за 1100 рублей минимум. Чиновники обещали «стабилизацию в течение пары недель», но пока цены не падают. Стоимость упаковки популярных Svetocopy и «Снегурочки»
soundString доходит до 3000 рублей, если их вообще удается найти в продаже.
soundString Столь высокой инфляцией рынок поплатился за собственную же открытость. Целлюлознобумажная промышленность до недавнего времени была одной из самых экспортно ориентированных отраслей, в которой продолжали работать стратегические западные инвесторы и которая только на поставках за рубеж зарабатывала более $3 млрд в год.
soundString Что еще случилось за ночь
soundString — Россияне перестали скупать гречку и переключились на джин, пишет РБК со ссылкой на данные исследовательской компании NielsenIQ. Из них следует, что пик спроса на сахар, гречку и рис в магазинах был пройден к началу апреля. При этом с середины марта в крупнейших торговых сетях заметно выросли продажи алкоголя — джина, водки и пива. Например, за две недели с 7 по 20 марта джина было продано на
soundString 60% больше, чем за аналогичный период 2021 года. На последующей неделе темпы роста продаж алкоголя снизились, но все еще были
soundString заметно выше уровня прошлого года.
soundString — Австралия ввела санкции против 14 российских компаний. В список попали «КамАЗ», Новороссийский морской торговый порт, «Росэлектроника», Объединенная судостроительная корпорация, «Севмаш», «Алроса», «Совкомфлот», РЖД, «Газпром», «Газпром нефть», «Транснефть», «Ростелеком», «Русгидро» и «Согаз».
soundString — Владелец прав на шрифты Times New Roman, Arial, Verdana, Tahoma и Helvetica — американская компания Monotype — перекрыла для российских пользователей доступ к своей библиотеке на сайте, сообщают «Ведомости». Наиболее популярные шрифты Monotype попрежнему доступны российским пользователям в пакете Microsoft Office, которая в начале марта объявила о приостановке продаж в России. Но при попытке
soundString открыть страницу с каталогом шрифтов на сайте компании появляется сообщение о запрете доступа.
soundString РЕКЛАМА
soundString Подписка на автопарк
soundString Рост цен на автомобильном рынке повышает затраты на содержание автопарка и увеличивает себестоимость перевозок. Одно из решений для оптимизации финансовых расходов на логистику — подписка на корпоративный автопарк «Яндекс.Драйва». С ней можно заранее прогнозировать затраты и оперативно менять транспортный бюджет компании.
soundString При оформлении корпоративной подписки владельцу бизнеса не нужно платить аванс. В сервисе нет ограничений по пробегу, а оплата происходит по факту за сухую аренду по фиксированному тарифу. Кроме того, неиспользуемые автомобили можно вернуть в любой момент.
soundString Дарья Коржова
soundString The Bell можно читать в соцсетях
mp3 /Users/maratgizatullin/podcasts/video_buffer/20220415_122709_654.mp3
mp3 /Users/maratgizatullin/podcasts/video_buffer/20220415_122712_712.mp3
mp3 /Users/maratgizatullin/podcasts/video_buffer/20220415_122715_729.mp3
mp3 /Users/maratgizatullin/podcasts/video_buffer/20220415_122718_747.mp3
mp3 /Users/maratgizatullin/podcasts/video_buffer/20220415_122721_760.mp3
mp3 /Users/maratgizatullin/podcasts/video_buffer/20220415_122724_775.mp3
mp3 /Users/maratgizatullin/podcasts/video_buffer/20220415_122727_789.mp3
mp3 /Users/maratgizatullin/podcasts/video_buffer/20220415_122730_807.mp3
mp3 /Users/maratgizatullin/podcasts/video_buffer/20220415_122733_821.mp3
mp3 /Users/maratgizatullin/podcasts/video_buffer/20220415_122736_832.mp3
mp3 /Users/maratgizatullin/podcasts/video_buffer/20220415_122739_847.mp3
mp3 /Users/maratgizatullin/podcasts/video_buffer/20220415_122742_875.mp3
mp3 /Users/maratgizatullin/podcasts/video_buffer/20220415_122745_885.mp3
mp3 /Users/maratgizatullin/podcasts/video_buffer/20220415_122748_902.mp3
mp3 /Users/maratgizatullin/podcasts/video_buffer/20220415_122751_922.mp3
mp3 /Users/maratgizatullin/podcasts/video_buffer/20220415_122754_932.mp3
mp3 /Users/maratgizatullin/podcasts/video_buffer/20220415_122757_948.mp3
mp3 /Users/maratgizatullin/podcasts/video_buffer/20220415_122800_963.mp3
Meduza Fri Apr 15 13:15:12 MSK 2022
soundString Ежедневная рассылка. Мы выбираем только те новости, которые имеют значение для вас и вашего бизнеса. Выходим пять дней в неделю в 10 утра и в 8 вечера.
soundString Оставить отзыв
soundString The Bell © 2021, Все права защищены.
soundString Отписаться от рассылки
soundString MESSAGE_END
mp3 /Users/maratgizatullin/podcasts/video_buffer/20220415_131545_437.mp3
copy /Users/maratgizatullin/podcasts/video_buffer/20220415_122748_902.mp3 -> /Users/maratgizatullin/podcasts/news/20220415_122748_902.mp3
result /Users/maratgizatullin/podcasts/news/20220415_122748_902.mp3
copy /Users/maratgizatullin/podcasts/video_buffer/20220415_122754_932.mp3 -> /Users/maratgizatullin/podcasts/news/20220415_122754_932.mp3
result /Users/maratgizatullin/podcasts/news/20220415_122754_932.mp3
copy /Users/maratgizatullin/podcasts/video_buffer/20220415_122730_807.mp3 -> /Users/maratgizatullin/podcasts/news/20220415_122730_807.mp3
result /Users/maratgizatullin/podcasts/news/20220415_122730_807.mp3
copy /Users/maratgizatullin/podcasts/video_buffer/20220415_122724_775.mp3 -> /Users/maratgizatullin/podcasts/news/20220415_122724_775.mp3
result /Users/maratgizatullin/podcasts/news/20220415_122724_775.mp3
copy /Users/maratgizatullin/podcasts/video_buffer/20220415_122745_885.mp3 -> /Users/maratgizatullin/podcasts/news/20220415_122745_885.mp3
result /Users/maratgizatullin/podcasts/news/20220415_122745_885.mp3
copy /Users/maratgizatullin/podcasts/video_buffer/20220415_122800_963.mp3 -> /Users/maratgizatullin/podcasts/news/20220415_122800_963.mp3
result /Users/maratgizatullin/podcasts/news/20220415_122800_963.mp3
copy /Users/maratgizatullin/podcasts/video_buffer/20220415_122712_712.mp3 -> /Users/maratgizatullin/podcasts/news/20220415_122712_712.mp3
result /Users/maratgizatullin/podcasts/news/20220415_122712_712.mp3
copy /Users/maratgizatullin/podcasts/video_buffer/20220415_122736_832.mp3 -> /Users/maratgizatullin/podcasts/news/20220415_122736_832.mp3
result /Users/maratgizatullin/podcasts/news/20220415_122736_832.mp3
copy /Users/maratgizatullin/podcasts/video_buffer/20220415_122742_875.mp3 -> /Users/maratgizatullin/podcasts/news/20220415_122742_875.mp3
result /Users/maratgizatullin/podcasts/news/20220415_122742_875.mp3
copy /Users/maratgizatullin/podcasts/video_buffer/20220415_122727_789.mp3 -> /Users/maratgizatullin/podcasts/news/20220415_122727_789.mp3
result /Users/maratgizatullin/podcasts/news/20220415_122727_789.mp3
copy /Users/maratgizatullin/podcasts/video_buffer/20220415_122718_747.mp3 -> /Users/maratgizatullin/podcasts/news/20220415_122718_747.mp3
result /Users/maratgizatullin/podcasts/news/20220415_122718_747.mp3
copy /Users/maratgizatullin/podcasts/video_buffer/20220415_122733_821.mp3 -> /Users/maratgizatullin/podcasts/news/20220415_122733_821.mp3
result /Users/maratgizatullin/podcasts/news/20220415_122733_821.mp3
copy /Users/maratgizatullin/podcasts/video_buffer/20220415_122739_847.mp3 -> /Users/maratgizatullin/podcasts/news/20220415_122739_847.mp3
result /Users/maratgizatullin/podcasts/news/20220415_122739_847.mp3
copy /Users/maratgizatullin/podcasts/video_buffer/20220415_122709_654.mp3 -> /Users/maratgizatullin/podcasts/news/20220415_122709_654.mp3
result /Users/maratgizatullin/podcasts/news/20220415_122709_654.mp3
copy /Users/maratgizatullin/podcasts/video_buffer/20220415_122751_922.mp3 -> /Users/maratgizatullin/podcasts/news/20220415_122751_922.mp3
result /Users/maratgizatullin/podcasts/news/20220415_122751_922.mp3
copy /Users/maratgizatullin/podcasts/video_buffer/20220415_122721_760.mp3 -> /Users/maratgizatullin/podcasts/news/20220415_122721_760.mp3
result /Users/maratgizatullin/podcasts/news/20220415_122721_760.mp3
copy /Users/maratgizatullin/podcasts/video_buffer/20220415_122757_948.mp3 -> /Users/maratgizatullin/podcasts/news/20220415_122757_948.mp3
result /Users/maratgizatullin/podcasts/news/20220415_122757_948.mp3
copy /Users/maratgizatullin/podcasts/video_buffer/20220415_122715_729.mp3 -> /Users/maratgizatullin/podcasts/news/20220415_122715_729.mp3
result /Users/maratgizatullin/podcasts/news/20220415_122715_729.mp3
Meduza Fri Apr 15 13:39:01 MSK 2022
soundString Рекордный отток валютных вкладов, новый гендиректор «Яндекса» и затопление флагмана Черноморского флота
soundString logo2.png
soundString Вечерняя рассылка
soundString Подписаться
soundString 14 апреля 2022
soundString Рекордный отток валютных вкладов, новый гендиректор «Яндекса» и затопление флагмана Черноморского флота
soundString В марте россияне забрали из банков рекордные $9,8 млрд в валюте — вдвое больше, чем во время ковидной паники весной 2020 года. Эта сумма могла быть намного больше, если бы не ограничения, введенные ЦБ. Флагман Черноморского флота, ракетный крейсер «Москва» затонул после взрыва боезапаса. Накануне украинские официальные лица заявили, что по крейсеру был нанесен ракетный удар. Еврокомиссия нашла
soundString прямое нарушение санкций в российской схеме оплаты газа рублями, а сотрудники оставшихся в России западных компаний требуют от них уйти из страны.
soundString Сколько валюты забрали россияне
soundString ЦБ отчитался о том, сколько россияне забрали валюты в марте, — за месяц валютные сбережения в российских банках сократились на $9,8 млрд, свидетельствует обзор регулятора. Это почти вдвое больше, чем в предыдущий рекордный месяц — панический март 2020 года, когда россияне снимали деньги в ожидании локдауна изза пандемии. Наибольший отток наблюдался с конца февраля до первой декады марта. К концу
soundString месяца — на фоне валютных ограничений — темп оттока снизился, а по итогам последней
soundString недели он и вовсе прекратился.
soundString Как отмечает РБК, значительный отток средств населения с валютных счетов и депозитов продолжился второй месяц и мог быть более значительным, чем в феврале. В феврале, как следует из статистики ЦБ, валютные сбережения граждан в банках сократились на 186 млрд рублей, но эта величина не учитывает валютную переоценку изза изменения курса рубля и начисленных процентов. Издание VPost оценивало , что с
soundString валютных вкладов клиенты сняли примерно 600 млрд рублей. С учетом
soundString среднего номинального курса доллара за этот месяц — 77,34 рубля — в валюте отток мог составить $7,76 млрд.
soundString Всего по состоянию на 1 февраля — это последние доступные данные — россияне держали на счетах в банках $90,6 млрд.
soundString «Москва» затонула
soundString Российский Черноморский флот лишился флагмана — поздно вечером 14 апреля Минобороны сообщило , что ракетный крейсер «Москва» затонул при буксировке после пожара, в результате которого на корабле взорвался боекомплект. Накануне украинские официальные лица заявляли, что по крейсеру был нанесен удар украинскими противокорабельными ракетами «Нептун».
soundString Российское Минобороны в течение прошедших суток дня дважды делало заявления о пожаре и взрыве на борту флагмана Черноморского флота. В ночь на четверг министерство объявило , что на «Москве» произошел пожар, в результате которого сдетонировал боезапас, корабль получил серьезные повреждения, а его экипаж штатно — 501 человек полностью эвакуирован. Днем в Минобороны заявили , что пожар
soundString локализован, крейсер сохраняет плавучесть и принимаются меры по его буксировке в порт. «Причины пожара
soundString устанавливаются», — говорилось в сообщении. О жертвах при детонации боезапаса ни в первом, ни в последующих релизах Минобороны не сообщалось.
soundString По версии украинских официальных лиц, которые в среду вечером первыми заявили о пожаре на крейсере, по «Москве» был нанесен удар украинскими противокорабельными ракетами «Нептун».
soundString Спутниковых снимков, которые могли бы внести ясность, нет — вечером 13 апреля на Черном море был сильный шторм. Чиновник Пентагона на закрытом брифинге заявил, что оборонное ведомство США может подтвердить взрыв на борту «Москвы», но точного вывода о его причинах сделать не может: «это могло быть как результатом ракетного удара, так и чегото еще». Но чиновник отметил, что после инцидента
soundString несколько российских кораблей, находившихся в том же районе, отошли южнее.
soundString «Москва» — это бывший советский ракетный крейсер «Слава», спущенный со стапеля в Николаеве еще в 1979 году. Это самый крупный корабль и флагман Черноморского флота России водоизмещением 12 тысяч тонн, основное вооружение — 16 противокорабельных ракетных комплексов П1000 «Вулкан», предназначенных для поражения крупных кораблей, включая авианосцы.
soundString Ракета «Нептун», об использовании которой заявляли украинские официальные лица, представляет собой модернизированную версию советской ракеты Х35, поставленную на вооружение украинской армии в конце 2020 года. По оценке военных экспертов, с которыми поговорил The Economist, к нынешнему моменту у Украины не более десятка таких ракет. На прошлой неделе о намерении поставить Украине современные
soundString противокорабельные ракеты объявила
soundString Великобритания.
soundString Еврокомиссия против оплаты газа рублями
soundString Еврокомиссия предупредила государствачлены ЕС, что требование России платить за газ в рублях будет нарушением санкций, сообщил Bloomberg со ссылкой на источники, знакомые с ситуацией.
soundString ЕК представила предварительный юридический анализ указа Владимира Путина, которым вводится новая схема оплаты газа подробно мы описывали ее здесь . Механизм, предложенный российской стороной, по мнению комиссии, даст России полный контроль над сделками через ЦБ — в частности, она получит контроль над обменным курсом и сможет им манипулировать. Кроме того, указала Еврокомиссия, предложенный
soundString механизм будет нарушать ограничительные меры, введенные ЕС в ответ на «операцию» на Украине.
soundString Нидерланды уже согласились с точкой зрения Еврокомиссии — представитель министерства экономики и климатической политики страны заявил Bloomberg, что энергокомпаниям страны приказано отказаться от выполнения новых условий. Как отмечает издание, экспорт российского газа в Нидерланды сравнительно невелик — около 4% от поставок в ЕС и Турцию в первой половине прошлого года — но решение этой страны
soundString может усилить давление на другие европейские страны многие из которых воздерживались от
soundString твердой позиции последовать ее примеру.
soundString Путин сегодня провел совещание, посвященное ситуации в нефтегазовом секторе, и заявил , что «разумной замены» российского газа для Европы нет. «Да, она [замена] возможна, но сейчас отсутствует, — подчеркнул президент. — Все это понимают, свободных объемов сейчас на рынке просто нет, а поставки из других стран, прежде всего США, которые могут быть направлены в Европу, обойдутся потребителям в разы
soundString дороже, отразятся на уровне жизни людей и конкурентной способности европейской экономики». Он также отметил , что
soundString банки из «недружественных стран» задерживают перевод платежей за энергоресурсы, но деталей на этот счет никаких не привел.
soundString ПАРТНЕРЫ THE BELL
mp3 /Users/maratgizatullin/podcasts/video_buffer/20220415_134045_393.mp3
mp3 /Users/maratgizatullin/podcasts/video_buffer/20220415_134048_447.mp3
mp3 /Users/maratgizatullin/podcasts/video_buffer/20220415_134051_472.mp3
mp3 /Users/maratgizatullin/podcasts/video_buffer/20220415_134054_488.mp3
mp3 /Users/maratgizatullin/podcasts/video_buffer/20220415_134057_502.mp3
mp3 /Users/maratgizatullin/podcasts/video_buffer/20220415_134100_520.mp3
mp3 /Users/maratgizatullin/podcasts/video_buffer/20220415_134103_536.mp3
mp3 /Users/maratgizatullin/podcasts/video_buffer/20220415_134106_552.mp3
mp3 /Users/maratgizatullin/podcasts/video_buffer/20220415_134109_576.mp3
mp3 /Users/maratgizatullin/podcasts/video_buffer/20220415_134112_592.mp3
mp3 /Users/maratgizatullin/podcasts/video_buffer/20220415_134115_608.mp3
mp3 /Users/maratgizatullin/podcasts/video_buffer/20220415_134118_624.mp3
mp3 /Users/maratgizatullin/podcasts/video_buffer/20220415_134121_646.mp3
mp3 /Users/maratgizatullin/podcasts/video_buffer/20220415_134124_663.mp3
mp3 /Users/maratgizatullin/podcasts/video_buffer/20220415_134127_679.mp3
mp3 /Users/maratgizatullin/podcasts/video_buffer/20220415_134130_695.mp3
mp3 /Users/maratgizatullin/podcasts/video_buffer/20220415_134133_710.mp3
Meduza Fri Apr 15 14:24:41 MSK 2022
soundString Золото и серебро на бирже от «Тинькофф Инвестиций»
soundString «Тинькофф Инвестиции» запустили биржевую торговлю золотом и серебром. Клиенты брокера получили доступ к организованным торгам драгоценными металлами Мосбиржи. Покупка биржевого золота доступна в мобильном приложении «Тинькофф Инвестиций» лотами с шагом в 1 грамм, серебра — с шагом в 100 граммов. Купленные активы зачисляются на счет клиента «Тинькофф Инвестиций», при этом физически находятся в
soundString специальном хранилище Национального клирингового центра,
soundString входящего в группу «Московская биржа». «Золото — важный актив для диверсификации вложений. Мы интегрировали торги драгоценными металлами и продолжим расширять список возможностей для наших инвесторов, чтобы предоставить максимально широкий выбор инвестиционных инструментов, необходимых для формирования сбалансированного портфеля», — говорит Дмитрий Панченко, директор «Тинькофф Инвестиций».
soundString Nestle и Mondelez под давлением сотрудников
soundString Международные компании Mondelez производитель печенья Oreo, PepsiCo и Nestle столкнулись с внутренним активизмом изза решения сохранить часть бизнеса в России — в частности, увольнением сотрудников на Украине и негативной реакцией персонала в Восточной Европе, пишет Reuters.
soundString С увольнениями неустановленного числа украинских сотрудников столкнулась Nestle. Другие же сотрудники компании, по данным Reuters, подверглись издевательствам в соцсетях — за то, что продолжают работать на компанию. Кроме того, примерно 130 сотрудников Mondelez в странах Балтии направили в марте петицию гендиректору Дирку Ван де Путу с требованием прекратить бизнес в России.
soundString Подробностей о сложностях, с которыми столкнулась PepsiCo, Reuters почти не приводит. Издание поговорило с менеджером компании в Варшаве, которая уходит из компании. Она увольняется не изза событий вокруг Украины, но подчеркивает: продолжение работы PepsiCo в России показало, что она приняла правильное решение.
soundString Что еще
soundString Новым гендиректором «Яндекса» в России назначен Артем Савиновский, который будет совмещать этот пост с должностью руководителя медиасервисов. Прежний гендиректор и HRдиректор компании Елена Бунина, как писал The Bell, покинула Россию и написала на внутреннем корпоративном форуме, что не собирается возвращаться: «Не могу работать в стране, которая воюет со своими соседями». Должность HRдиректора
soundString она сохранила .
soundString ФНС предупредила , что не следует отправлять письма в налоговую с американских и европейских доменов — такая возможность сейчас заблокирована во избежание кибератак и вирусов. Ведомство рекомендует для отправки писем в госорганы использовать почтовые серверы в российских доменах .ru, .su или зарегистрированные в сервисах стран, не попадающих под ограничения.
soundString Финская Huhtamaki, ведущий производитель одноразовой посуды, свернет бизнес в России. Причина, пояснила она, в том, что «текущее развитие ситуации» помешает ей в реализации стратегии роста. Компания изучит рынок в поисках покупателей. Huhtamaki пришла в Россию в начале 1990х годов. У нее 700 работников, есть заводы в подмосковной Ивантеевке и в Татарстане.
soundString Петр Мироненко
soundString The Bell можно читать в соцсетях
soundString Ежедневная рассылка. Мы выбираем только те новости, которые имеют значение для вас и вашего бизнеса. Выходим пять дней в неделю в 10 утра и в 8 вечера.
soundString Оставить отзыв
soundString The Bell © 2021, Все права защищены.
soundString Отписаться от рассылки
soundString MESSAGE_END
mp3 /Users/maratgizatullin/podcasts/video_buffer/20220415_142534_788.mp3
mp3 /Users/maratgizatullin/podcasts/video_buffer/20220415_142537_820.mp3
mp3 /Users/maratgizatullin/podcasts/video_buffer/20220415_142540_833.mp3
mp3 /Users/maratgizatullin/podcasts/video_buffer/20220415_142543_846.mp3
mp3 /Users/maratgizatullin/podcasts/video_buffer/20220415_142546_859.mp3
mp3 /Users/maratgizatullin/podcasts/video_buffer/20220415_142549_872.mp3
mp3 /Users/maratgizatullin/podcasts/video_buffer/20220415_142552_887.mp3
mp3 /Users/maratgizatullin/podcasts/video_buffer/20220415_142555_900.mp3
mp3 /Users/maratgizatullin/podcasts/video_buffer/20220415_142558_913.mp3
copy /Users/maratgizatullin/podcasts/video_buffer/20220415_134109_576.mp3 -> /Users/maratgizatullin/podcasts/news/20220415_134109_576.mp3
result /Users/maratgizatullin/podcasts/news/20220415_134109_576.mp3
copy /Users/maratgizatullin/podcasts/video_buffer/20220415_142555_900.mp3 -> /Users/maratgizatullin/podcasts/news/20220415_142555_900.mp3
result /Users/maratgizatullin/podcasts/news/20220415_142555_900.mp3
copy /Users/maratgizatullin/podcasts/video_buffer/20220415_134048_447.mp3 -> /Users/maratgizatullin/podcasts/news/20220415_134048_447.mp3
result /Users/maratgizatullin/podcasts/news/20220415_134048_447.mp3
copy /Users/maratgizatullin/podcasts/video_buffer/20220415_134054_488.mp3 -> /Users/maratgizatullin/podcasts/news/20220415_134054_488.mp3
result /Users/maratgizatullin/podcasts/news/20220415_134054_488.mp3
copy /Users/maratgizatullin/podcasts/video_buffer/20220415_134130_695.mp3 -> /Users/maratgizatullin/podcasts/news/20220415_134130_695.mp3
result /Users/maratgizatullin/podcasts/news/20220415_134130_695.mp3
copy /Users/maratgizatullin/podcasts/video_buffer/20220415_134115_608.mp3 -> /Users/maratgizatullin/podcasts/news/20220415_134115_608.mp3
result /Users/maratgizatullin/podcasts/news/20220415_134115_608.mp3
copy /Users/maratgizatullin/podcasts/video_buffer/20220415_134124_663.mp3 -> /Users/maratgizatullin/podcasts/news/20220415_134124_663.mp3
result /Users/maratgizatullin/podcasts/news/20220415_134124_663.mp3
copy /Users/maratgizatullin/podcasts/video_buffer/20220415_134121_646.mp3 -> /Users/maratgizatullin/podcasts/news/20220415_134121_646.mp3
result /Users/maratgizatullin/podcasts/news/20220415_134121_646.mp3
copy /Users/maratgizatullin/podcasts/video_buffer/20220415_142543_846.mp3 -> /Users/maratgizatullin/podcasts/news/20220415_142543_846.mp3
result /Users/maratgizatullin/podcasts/news/20220415_142543_846.mp3
copy /Users/maratgizatullin/podcasts/video_buffer/20220415_134106_552.mp3 -> /Users/maratgizatullin/podcasts/news/20220415_134106_552.mp3
result /Users/maratgizatullin/podcasts/news/20220415_134106_552.mp3
copy /Users/maratgizatullin/podcasts/video_buffer/20220415_142540_833.mp3 -> /Users/maratgizatullin/podcasts/news/20220415_142540_833.mp3
result /Users/maratgizatullin/podcasts/news/20220415_142540_833.mp3
copy /Users/maratgizatullin/podcasts/video_buffer/20220415_134057_502.mp3 -> /Users/maratgizatullin/podcasts/news/20220415_134057_502.mp3
result /Users/maratgizatullin/podcasts/news/20220415_134057_502.mp3
copy /Users/maratgizatullin/podcasts/video_buffer/20220415_142546_859.mp3 -> /Users/maratgizatullin/podcasts/news/20220415_142546_859.mp3
result /Users/maratgizatullin/podcasts/news/20220415_142546_859.mp3
copy /Users/maratgizatullin/podcasts/video_buffer/20220415_142552_887.mp3 -> /Users/maratgizatullin/podcasts/news/20220415_142552_887.mp3
result /Users/maratgizatullin/podcasts/news/20220415_142552_887.mp3
copy /Users/maratgizatullin/podcasts/video_buffer/20220415_134127_679.mp3 -> /Users/maratgizatullin/podcasts/news/20220415_134127_679.mp3
result /Users/maratgizatullin/podcasts/news/20220415_134127_679.mp3
copy /Users/maratgizatullin/podcasts/video_buffer/20220415_134112_592.mp3 -> /Users/maratgizatullin/podcasts/news/20220415_134112_592.mp3
result /Users/maratgizatullin/podcasts/news/20220415_134112_592.mp3
copy /Users/maratgizatullin/podcasts/video_buffer/20220415_134100_520.mp3 -> /Users/maratgizatullin/podcasts/news/20220415_134100_520.mp3
result /Users/maratgizatullin/podcasts/news/20220415_134100_520.mp3
copy /Users/maratgizatullin/podcasts/video_buffer/20220415_142537_820.mp3 -> /Users/maratgizatullin/podcasts/news/20220415_142537_820.mp3
result /Users/maratgizatullin/podcasts/news/20220415_142537_820.mp3
copy /Users/maratgizatullin/podcasts/video_buffer/20220415_134133_710.mp3 -> /Users/maratgizatullin/podcasts/news/20220415_134133_710.mp3
result /Users/maratgizatullin/podcasts/news/20220415_134133_710.mp3
copy /Users/maratgizatullin/podcasts/video_buffer/20220415_134045_393.mp3 -> /Users/maratgizatullin/podcasts/news/20220415_134045_393.mp3
result /Users/maratgizatullin/podcasts/news/20220415_134045_393.mp3
copy /Users/maratgizatullin/podcasts/video_buffer/20220415_134118_624.mp3 -> /Users/maratgizatullin/podcasts/news/20220415_134118_624.mp3
result /Users/maratgizatullin/podcasts/news/20220415_134118_624.mp3
copy /Users/maratgizatullin/podcasts/video_buffer/20220415_142549_872.mp3 -> /Users/maratgizatullin/podcasts/news/20220415_142549_872.mp3
result /Users/maratgizatullin/podcasts/news/20220415_142549_872.mp3
copy /Users/maratgizatullin/podcasts/video_buffer/20220415_134051_472.mp3 -> /Users/maratgizatullin/podcasts/news/20220415_134051_472.mp3
result /Users/maratgizatullin/podcasts/news/20220415_134051_472.mp3
copy /Users/maratgizatullin/podcasts/video_buffer/20220415_134103_536.mp3 -> /Users/maratgizatullin/podcasts/news/20220415_134103_536.mp3
result /Users/maratgizatullin/podcasts/news/20220415_134103_536.mp3
copy /Users/maratgizatullin/podcasts/video_buffer/20220415_142534_788.mp3 -> /Users/maratgizatullin/podcasts/news/20220415_142534_788.mp3
result /Users/maratgizatullin/podcasts/news/20220415_142534_788.mp3
copy /Users/maratgizatullin/podcasts/video_buffer/20220415_142558_913.mp3 -> /Users/maratgizatullin/podcasts/news/20220415_142558_913.mp3
result /Users/maratgizatullin/podcasts/news/20220415_142558_913.mp3
Meduza Fri Apr 15 15:05:48 MSK 2022
soundString На эмбарго на российскую нефть, которое разрабатывает Евросоюз, прямо повлияет внутриевропейский политический контекст
soundString logo2.png
soundString Утренняя рассылка
soundString Подписаться
soundString 15 апреля 2022
soundString Эмбарго ЕС на российскую нефть будет поэтапным и с переходным периодом. На его сроки прямо повлияет внутриевропейский политический контекст
soundString По информации The New York Times, нефтяное эмбарго не будет вынесено на обсуждение странчленов по меньшей мере до 24 апреля — дня второго тура президентских выборов во Франции. Это делается, чтобы не снизить шансы Эмманюэля Макрона на переизбрание и не дать его сопернице, правой популистке Марин Ле Пен, козырь в виде роста цен на заправках.
soundString На этой неделе Ле Пен оправдала свою репутацию «угрозы европейскому единству», пообещав выход Франции из командных структур НАТО в случае своей победы и выступив против запрета российских энергоносителей. По последним консолидированнымопросам , Макрон ведет 52,9% к 47,1%, однако кандидатам лишь предстоят ключевые дебаты 20 апреля. На прошлых выборах проигрыш Ле Пен закрепили именно они.
soundString С учетом пасхальных праздников вероятнее, что обсуждение эмбарго начнется в начале мая, а прийти к консенсусу все 27 стран ЕС должны до запланированного на конец мая саммита по Украине.
soundString Важный аспект нефтяного эмбарго — то, что оно не привязано к какомуто триггеру вроде событий в Буче, а потому его введение выглядит неизбежным, пишет газета. Сейчас, по ее данным, дискуссия ведется вокруг нужд Германии, которая получает из России треть необходимой ей нефти и ужепредупредила , что немедленный отказ повлечет жесткий шок в четвертой экономике мира. Министр экономики страны Роберт
soundString Хабек еще в марте говорил, что для полного отказа от российской нефти нужен срок минимум до конца 2022 года, и этот срок Германия, скорее всего, получит, пишет NYT.
soundString Само эмбарго, по данным газеты, разделит трубопроводную идущую в значительной части на НПЗ Германии и танкерную нефть — последняя будет запрещена решительнее и быстрее. Переходный период для всех стран составит не менее месяца.
soundString Как и прежние санкции, меры готовятся в обстановке повышенной секретности, чтобы не допустить утечек и не дать России к ним подготовиться, замечает NYT. Разработка происходит в аппарате президента Еврокомиссии Урсулы фон дер Ляйен под руководством главы ее администрации Бьерна Сиберта.
soundString Как предполагает отвечать Россия,стало понятно по вчерашнему совещанию Владимира Путина о ситуации в нефтегазовом секторе. Потери от вероятной остановки европейского нефтепровода «Дружба» предлагается компенсировать развитием восточного направления — системы нефтепроводов ВСТО. Правда, это не будет ни быстро, ни дешево, а также поставит Россию в еще большую зависимость от безальтернативного
soundString покупателя — Китая. ВСТО1 в Китай строился четыре года, а на полную мощность система нефтепроводов заработала только через 10 лет.
soundString Вторая очередь расширения ВСТО1 и ВСТО2 примерно соответствует мощности «Дружбы», 36 млн т в год обошлась более чем в 100 млрд рублей в ценах 2014–2019 годов, напоминают эксперты «Коммерсанта».
soundString Дефолт еще ближе
soundString Рейтинговое агентство Moody’s пока не стало понижать кредитный рейтинг России, но предупредило , что если до 4 мая, когда истекает грейспериод по евробондам, погашенным Россией 4 апреля в рублях, выплата не будет произведена в валюте займа, «это может рассматриваться как дефолт по определению Moody’s».
soundString Таким образом, позиции всей «большой тройки» в отношении российского госдолга практически совпали. S&P на прошлой неделе уже присвоило гособязательствам России в иностранной валюте рейтинг «выборочный дефолт», а Fitch предупредило, что невыплата долга в валюте будет означать дефолт.
soundString Линия защиты России будет похожа на то, что сейчас делает РЖД, находящаясяв дефолте по одному из выпусков евробондов, предполагает Bloomberg. Попавшая под санкции компания отказалась признать дефолт, заявив, что исполнила обязательства, но деньги не дошли до получателей по вине банковпосредников, заблокировавших платежи.
soundString Что еще
soundString Уходящий из России финский хлебопекарный холдинг Fazer ищет покупателя, но делает это своеобразно: компания хочет, чтобы потенциальные покупатели предлагали свою цену и ждет от них оплаты в евро на европейскую компанию,пишет «Коммерсант». У Fazer ценные активы, в которые компания вложила 300 млн евро, а интерес обозначали и агрокомпании, и игроки хлебопекарного рынка. Но условия продажи сейчас
soundString почти невыполнимы — источник газеты даже предполагает, что компания хочет собрать оценки рынка и продемонстрировать регуляторам
soundString невозможность сделки.
soundString Попавший под блокирующие санкции Сбербанк заморозил наем новых сотрудников на позиции, не связанные с IT и обеспечением работы сервисов,пишет Forbes. Госбанк с почти 300 тысячами работников — один из крупнейших работодателей страны, но похожая ситуация в других госбанках, а особенно страдают инвестиционные подразделения.
soundString Правительство Россиипоручило проработать ограничения на экспорт коксующегося угля. Цены на кокс с ноября выросли в шесть раз, а его доля в себестоимости производителей черных металлов может достигать 40% — таким образом правительство рассчитывает ограничить рост цен на металлопрокат. Перекрывать экспорт совсем не предполагается, тем более что он идет в основном в Азию, но квоты либо экспортные
soundString пошлины возможны.
soundString ПАРТНЕРЫ THE BELL
soundString Как управлять здоровьем сотрудников
soundString Риски для здоровья — одна из главных угроз для бизнеса, считает почти половина всех гендиректоров в мире. Во времена нестабильности наша тревожность растет: проблемы с ментальным здоровьем могут затронуть каждого четвертого человека, и именно они — основная причина длительного отсутствия на работе, судя по мировой статистике. А счастье сотрудников — конкурентное преимущество, благодаря которому
soundString компании могут увеличить выручку компании на 10–37%.
soundString Вместе с BestDoctor разбираемся, как ДМСпомогает управлять здоровьем сотрудников и как можно «настроить» его под свои нужды.
soundString Сергей Смирнов
soundString The Bell можно читать в соцсетях
soundString Ежедневная рассылка. Мы выбираем только те новости, которые имеют значение для вас и вашего бизнеса. Выходим пять дней в неделю в 10 утра и в 8 вечера.
soundString Оставить отзыв
soundString The Bell © 2021, Все права защищены.
soundString Отписаться от рассылки
soundString MESSAGE_END
mp3 /Users/maratgizatullin/podcasts/video_buffer/20220415_150723_775.mp3
mp3 /Users/maratgizatullin/podcasts/video_buffer/20220415_150726_801.mp3
mp3 /Users/maratgizatullin/podcasts/video_buffer/20220415_150729_811.mp3
mp3 /Users/maratgizatullin/podcasts/video_buffer/20220415_150732_822.mp3
mp3 /Users/maratgizatullin/podcasts/video_buffer/20220415_150735_831.mp3
mp3 /Users/maratgizatullin/podcasts/video_buffer/20220415_150738_846.mp3
mp3 /Users/maratgizatullin/podcasts/video_buffer/20220415_150741_859.mp3
mp3 /Users/maratgizatullin/podcasts/video_buffer/20220415_150744_873.mp3
mp3 /Users/maratgizatullin/podcasts/video_buffer/20220415_150747_888.mp3
mp3 /Users/maratgizatullin/podcasts/video_buffer/20220415_150750_896.mp3
mp3 /Users/maratgizatullin/podcasts/video_buffer/20220415_150753_908.mp3
mp3 /Users/maratgizatullin/podcasts/video_buffer/20220415_150756_917.mp3
mp3 /Users/maratgizatullin/podcasts/video_buffer/20220415_150759_930.mp3
mp3 /Users/maratgizatullin/podcasts/video_buffer/20220415_150802_950.mp3
mp3 /Users/maratgizatullin/podcasts/video_buffer/20220415_150805_963.mp3
mp3 /Users/maratgizatullin/podcasts/video_buffer/20220415_150808_975.mp3
copy /Users/maratgizatullin/podcasts/video_buffer/20220415_150732_822.mp3 -> /Users/maratgizatullin/podcasts/news/20220415_150732_822.mp3
result /Users/maratgizatullin/podcasts/news/20220415_150732_822.mp3
copy /Users/maratgizatullin/podcasts/video_buffer/20220415_150802_950.mp3 -> /Users/maratgizatullin/podcasts/news/20220415_150802_950.mp3
result /Users/maratgizatullin/podcasts/news/20220415_150802_950.mp3
copy /Users/maratgizatullin/podcasts/video_buffer/20220415_150747_888.mp3 -> /Users/maratgizatullin/podcasts/news/20220415_150747_888.mp3
result /Users/maratgizatullin/podcasts/news/20220415_150747_888.mp3
copy /Users/maratgizatullin/podcasts/video_buffer/20220415_150723_775.mp3 -> /Users/maratgizatullin/podcasts/news/20220415_150723_775.mp3
result /Users/maratgizatullin/podcasts/news/20220415_150723_775.mp3
copy /Users/maratgizatullin/podcasts/video_buffer/20220415_150726_801.mp3 -> /Users/maratgizatullin/podcasts/news/20220415_150726_801.mp3
result /Users/maratgizatullin/podcasts/news/20220415_150726_801.mp3
copy /Users/maratgizatullin/podcasts/video_buffer/20220415_150753_908.mp3 -> /Users/maratgizatullin/podcasts/news/20220415_150753_908.mp3
result /Users/maratgizatullin/podcasts/news/20220415_150753_908.mp3
copy /Users/maratgizatullin/podcasts/video_buffer/20220415_150738_846.mp3 -> /Users/maratgizatullin/podcasts/news/20220415_150738_846.mp3
result /Users/maratgizatullin/podcasts/news/20220415_150738_846.mp3
copy /Users/maratgizatullin/podcasts/video_buffer/20220415_150756_917.mp3 -> /Users/maratgizatullin/podcasts/news/20220415_150756_917.mp3
result /Users/maratgizatullin/podcasts/news/20220415_150756_917.mp3
copy /Users/maratgizatullin/podcasts/video_buffer/20220415_150750_896.mp3 -> /Users/maratgizatullin/podcasts/news/20220415_150750_896.mp3
result /Users/maratgizatullin/podcasts/news/20220415_150750_896.mp3
copy /Users/maratgizatullin/podcasts/video_buffer/20220415_150759_930.mp3 -> /Users/maratgizatullin/podcasts/news/20220415_150759_930.mp3
result /Users/maratgizatullin/podcasts/news/20220415_150759_930.mp3
copy /Users/maratgizatullin/podcasts/video_buffer/20220415_150744_873.mp3 -> /Users/maratgizatullin/podcasts/news/20220415_150744_873.mp3
result /Users/maratgizatullin/podcasts/news/20220415_150744_873.mp3
copy /Users/maratgizatullin/podcasts/video_buffer/20220415_150805_963.mp3 -> /Users/maratgizatullin/podcasts/news/20220415_150805_963.mp3
result /Users/maratgizatullin/podcasts/news/20220415_150805_963.mp3
copy /Users/maratgizatullin/podcasts/video_buffer/20220415_150741_859.mp3 -> /Users/maratgizatullin/podcasts/news/20220415_150741_859.mp3
result /Users/maratgizatullin/podcasts/news/20220415_150741_859.mp3
copy /Users/maratgizatullin/podcasts/video_buffer/20220415_150729_811.mp3 -> /Users/maratgizatullin/podcasts/news/20220415_150729_811.mp3
result /Users/maratgizatullin/podcasts/news/20220415_150729_811.mp3
copy /Users/maratgizatullin/podcasts/video_buffer/20220415_150735_831.mp3 -> /Users/maratgizatullin/podcasts/news/20220415_150735_831.mp3
result /Users/maratgizatullin/podcasts/news/20220415_150735_831.mp3
copy /Users/maratgizatullin/podcasts/video_buffer/20220415_150808_975.mp3 -> /Users/maratgizatullin/podcasts/news/20220415_150808_975.mp3
result /Users/maratgizatullin/podcasts/news/20220415_150808_975.mp3
Meduza Fri Apr 15 16:50:56 MSK 2022
soundString 15 April — Subscriber                                                      Данное сообщение материал создано и или распространено иностранным средством массовой информации, выполняющим функции иностранного агента, и или российским юридическим лицом, выполняющим функции иностранного агента.                  Привет, это корреспондент Нестерова. На этой неделе утонула «Москва» — российский
soundString ракетный крейсер, главный корабль проекта «Атлант». Почти что визитная карточка российского флота. Сначала Минобороны  А я тут вижу иную горькую иронию. Крейсер «Москва» пошел ко дну 14 апреля 2022 года, а ровно за 110 лет до этого — 14 апреля 1912 года — пошел ко дну «Титаник». «Титаник», который является метафорой происходящего сейчас — и похлеще крейсера «Москва». «Ощущение, будто я стою
soundString посреди переполненной народом комнаты, кричу во весь голос, а никто не слышит», — горько говорила Роза на «Титанике» в фильме, да, но Роза там классная.  А кричать на этой неделе было от чего. И кажется, что никакого крика не хватает, даже если ктото его слышит.  Почти неделю назад мы с коллегами  Следом вышел душераздирающий текст дорогого Димы Швеца про  Словом прошлой недели была Буча. Но и
soundString сейчас не заканчиваются страшные новости оттуда — находят все новые братские могилы, достают тела и пополняют списки погибших. Наш издатель Петя Верзилов перепрофилировался в корреспондента и рассказал историю  : человек сидел во дворе с телефоном, это не понравилось военным, его отвели в сторону и застрелили.  Мучительные новости из России не заканчиваются тоже: художницу Сашу Скочиленко  на
soundString «неблагонадежных» граждан — когда даже отец может донести на дочь, которая посмела не биться в милитаристском экстазе.  Но, как говорится, не все так однозначно. Под конец недели сделали для вас воодушевляющую подборку:  против войны. С первого дня вторжения россияне протестовали против этого — каждый день, без перерывов. Десятки городов, тысячи задержаний. Надпись «Нет войне» на лбу, плакат
soundString «Дед, выпей таблетки», сломанные ребра, первые полосы газет, антивоенные проповеди.  Мы все пережили очередную трудную неделю. Впереди — еще и еще. Хотела бы я сделать для вас, дорогие читатели, эти деньки попроще. Но могу пообещать только, что мы все еще каждый день будем писать для вас тексты и вести онлайны о войне — поверьте, мы стараемся делать все в лучшем виде. «Мы тонем под музыку — вот
soundString это первый класс!».                                                           Вы получили это письмо, потому что поддерживаете Медиазону. Вы можете отписаться от рассылки.
soundString MESSAGE_END
mp3 /Users/maratgizatullin/podcasts/video_buffer/20220415_165135_456.mp3
mp3 /Users/maratgizatullin/podcasts/video_buffer/20220415_165138_486.mp3
mp3 /Users/maratgizatullin/podcasts/video_buffer/20220415_165141_499.mp3
mp3 /Users/maratgizatullin/podcasts/video_buffer/20220415_165144_512.mp3
mp3 /Users/maratgizatullin/podcasts/video_buffer/20220415_165147_523.mp3
mp3 /Users/maratgizatullin/podcasts/video_buffer/20220415_165150_538.mp3
mp3 /Users/maratgizatullin/podcasts/video_buffer/20220415_165153_552.mp3
copy /Users/maratgizatullin/podcasts/video_buffer/20220415_165141_499.mp3 -> /Users/maratgizatullin/podcasts/news/20220415_165141_499.mp3
result /Users/maratgizatullin/podcasts/news/20220415_165141_499.mp3
copy /Users/maratgizatullin/podcasts/video_buffer/20220415_165150_538.mp3 -> /Users/maratgizatullin/podcasts/news/20220415_165150_538.mp3
result /Users/maratgizatullin/podcasts/news/20220415_165150_538.mp3
copy /Users/maratgizatullin/podcasts/video_buffer/20220415_165135_456.mp3 -> /Users/maratgizatullin/podcasts/news/20220415_165135_456.mp3
result /Users/maratgizatullin/podcasts/news/20220415_165135_456.mp3
copy /Users/maratgizatullin/podcasts/video_buffer/20220415_165147_523.mp3 -> /Users/maratgizatullin/podcasts/news/20220415_165147_523.mp3
result /Users/maratgizatullin/podcasts/news/20220415_165147_523.mp3
copy /Users/maratgizatullin/podcasts/video_buffer/20220415_165138_486.mp3 -> /Users/maratgizatullin/podcasts/news/20220415_165138_486.mp3
result /Users/maratgizatullin/podcasts/news/20220415_165138_486.mp3
copy /Users/maratgizatullin/podcasts/video_buffer/20220415_165153_552.mp3 -> /Users/maratgizatullin/podcasts/news/20220415_165153_552.mp3
result /Users/maratgizatullin/podcasts/news/20220415_165153_552.mp3
copy /Users/maratgizatullin/podcasts/video_buffer/20220415_165144_512.mp3 -> /Users/maratgizatullin/podcasts/news/20220415_165144_512.mp3
result /Users/maratgizatullin/podcasts/news/20220415_165144_512.mp3
